[2022-05-01 13:46:02,179] {taskinstance.py:1159} INFO - Dependencies all met for <TaskInstance: hello_world_dag_lmao.hello_world manual__2022-05-01T13:45:55.564633+00:00 [queued]>
[2022-05-01 13:46:02,252] {taskinstance.py:1159} INFO - Dependencies all met for <TaskInstance: hello_world_dag_lmao.hello_world manual__2022-05-01T13:45:55.564633+00:00 [queued]>
[2022-05-01 13:46:02,252] {taskinstance.py:1356} INFO - 
--------------------------------------------------------------------------------
[2022-05-01 13:46:02,252] {taskinstance.py:1357} INFO - Starting attempt 1 of 1
[2022-05-01 13:46:02,252] {taskinstance.py:1358} INFO - 
--------------------------------------------------------------------------------
[2022-05-01 13:46:02,365] {taskinstance.py:1377} INFO - Executing <Task(PythonOperator): hello_world> on 2022-05-01 13:45:55.564633+00:00
[2022-05-01 13:46:02,367] {standard_task_runner.py:52} INFO - Started process 897 to run task
[2022-05-01 13:46:02,370] {standard_task_runner.py:79} INFO - Running: ['airflow', 'tasks', 'run', 'hello_world_dag_lmao', 'hello_world', 'manual__2022-05-01T13:45:55.564633+00:00', '--job-id', '7', '--raw', '--subdir', 'DAGS_FOLDER/dag_tut.py', '--cfg-path', '/tmp/tmpqkkswzfl', '--error-file', '/tmp/tmpvnr1plu4']
[2022-05-01 13:46:02,370] {standard_task_runner.py:80} INFO - Job 7: Subtask hello_world
[2022-05-01 13:46:02,647] {task_command.py:369} INFO - Running <TaskInstance: hello_world_dag_lmao.hello_world manual__2022-05-01T13:45:55.564633+00:00 [running]> on host cube-14ce9f9c-b3e2-4031-af90-157b53c1fe85-669c6656fd-gv56j
[2022-05-01 13:46:03,089] {taskinstance.py:1569} INFO - Exporting the following env vars:
AIRFLOW_CTX_DAG_OWNER=airflow
AIRFLOW_CTX_DAG_ID=hello_world_dag_lmao
AIRFLOW_CTX_TASK_ID=hello_world
AIRFLOW_CTX_EXECUTION_DATE=2022-05-01T13:45:55.564633+00:00
AIRFLOW_CTX_TRY_NUMBER=1
AIRFLOW_CTX_DAG_RUN_ID=manual__2022-05-01T13:45:55.564633+00:00
[2022-05-01 13:46:03,090] {logging_mixin.py:115} INFO - Hello World
[2022-05-01 13:46:03,090] {python.py:173} INFO - Done. Returned value was: None
[2022-05-01 13:46:03,142] {taskinstance.py:1395} INFO - Marking task as SUCCESS. dag_id=hello_world_dag_lmao, task_id=hello_world, execution_date=20220501T134555, start_date=20220501T134602, end_date=20220501T134603
[2022-05-01 13:46:03,302] {local_task_job.py:156} INFO - Task exited with return code 0
[2022-05-01 13:46:03,441] {local_task_job.py:273} INFO - 0 downstream tasks scheduled from follow-on schedule check
