[2022-05-01 22:51:32,066] {taskinstance.py:1159} INFO - Dependencies all met for <TaskInstance: ETL_streamers_eSports.Extract __airflow_temporary_run_2022-05-01T22:51:27.662286+00:00__ [queued]>
[2022-05-01 22:51:32,133] {taskinstance.py:1159} INFO - Dependencies all met for <TaskInstance: ETL_streamers_eSports.Extract __airflow_temporary_run_2022-05-01T22:51:27.662286+00:00__ [queued]>
[2022-05-01 22:51:32,134] {taskinstance.py:1356} INFO - 
--------------------------------------------------------------------------------
[2022-05-01 22:51:32,134] {taskinstance.py:1357} INFO - Starting attempt 1 of 1
[2022-05-01 22:51:32,134] {taskinstance.py:1358} INFO - 
--------------------------------------------------------------------------------
[2022-05-01 22:51:32,247] {taskinstance.py:1377} INFO - Executing <Task(PythonOperator): Extract> on 2022-04-20 00:00:00+00:00
[2022-05-01 22:51:32,250] {standard_task_runner.py:52} INFO - Started process 21681 to run task
[2022-05-01 22:51:32,254] {standard_task_runner.py:79} INFO - Running: ['airflow', 'tasks', 'run', 'ETL_streamers_eSports', 'Extract', '__airflow_temporary_run_2022-05-01T22:51:27.662286+00:00__', '--job-id', '18', '--raw', '--subdir', 'DAGS_FOLDER/etl_dag.py', '--cfg-path', '/tmp/tmpahelc_10', '--error-file', '/tmp/tmpqqfuo0cs']
[2022-05-01 22:51:32,254] {standard_task_runner.py:80} INFO - Job 18: Subtask Extract
[2022-05-01 22:51:32,528] {task_command.py:369} INFO - Running <TaskInstance: ETL_streamers_eSports.Extract __airflow_temporary_run_2022-05-01T22:51:27.662286+00:00__ [running]> on host cube-14ce9f9c-b3e2-4031-af90-157b53c1fe85-669c6656fd-gv56j
[2022-05-01 22:51:32,964] {taskinstance.py:1569} INFO - Exporting the following env vars:
AIRFLOW_CTX_DAG_OWNER=airflow
AIRFLOW_CTX_DAG_ID=ETL_streamers_eSports
AIRFLOW_CTX_TASK_ID=Extract
AIRFLOW_CTX_EXECUTION_DATE=2022-04-20T00:00:00+00:00
AIRFLOW_CTX_TRY_NUMBER=1
AIRFLOW_CTX_DAG_RUN_ID=__airflow_temporary_run_2022-05-01T22:51:27.662286+00:00__
[2022-05-01 22:51:33,412] {logging_mixin.py:115} INFO - Number of streamers playing right now:  3
[2022-05-01 22:51:37,205] {Limits.py:87} INFO - rate limit changed from 0/0s to 20/1s
[2022-05-01 22:51:37,206] {Limits.py:87} INFO - rate limit changed from 0/0s to 100/120s
[2022-05-01 22:51:37,206] {Limits.py:87} INFO - rate limit changed from 0/0s to 2000/60s
[2022-05-01 22:51:37,430] {local_task_job.py:220} WARNING - State of this instance has been externally set to None. Terminating instance.
[2022-05-01 22:51:37,433] {process_utils.py:125} INFO - Sending Signals.SIGTERM to group 21681. PIDs of all processes in the group: [21681]
[2022-05-01 22:51:37,433] {process_utils.py:80} INFO - Sending the signal Signals.SIGTERM to group 21681
[2022-05-01 22:51:37,433] {taskinstance.py:1541} ERROR - Received SIGTERM. Terminating subprocesses.
[2022-05-01 22:51:38,785] {Limits.py:87} INFO - rate limit changed from 0/0s to 20/1s
[2022-05-01 22:51:38,785] {Limits.py:87} INFO - rate limit changed from 0/0s to 100/120s
[2022-05-01 22:51:38,785] {Limits.py:87} INFO - rate limit changed from 0/0s to 500/10s
[2022-05-01 22:51:39,060] {Limits.py:87} INFO - rate limit changed from 0/0s to 20/1s
[2022-05-01 22:51:39,060] {Limits.py:87} INFO - rate limit changed from 0/0s to 100/120s
[2022-05-01 22:51:39,060] {Limits.py:87} INFO - rate limit changed from 0/0s to 250/10s
[2022-05-01 22:51:39,181] {Limits.py:87} INFO - rate limit changed from 0/0s to 250/10s
[2022-05-01 22:51:42,504] {python.py:173} INFO - Done. Returned value was: None
[2022-05-01 22:51:42,547] {taskinstance.py:1395} INFO - Marking task as SUCCESS. dag_id=ETL_streamers_eSports, task_id=Extract, execution_date=20220420T000000, start_date=20220501T225132, end_date=20220501T225142
[2022-05-01 22:51:42,714] {process_utils.py:75} INFO - Process psutil.Process(pid=21681, status='terminated', exitcode=0, started='22:51:32') (21681) terminated with exit code 0
