[2022-05-03 05:05:27,699] {taskinstance.py:1159} INFO - Dependencies all met for <TaskInstance: ETL_streamers_eSports.Extract manual__2022-05-03T05:05:23.000503+00:00 [queued]>
[2022-05-03 05:05:27,773] {taskinstance.py:1159} INFO - Dependencies all met for <TaskInstance: ETL_streamers_eSports.Extract manual__2022-05-03T05:05:23.000503+00:00 [queued]>
[2022-05-03 05:05:27,774] {taskinstance.py:1356} INFO - 
--------------------------------------------------------------------------------
[2022-05-03 05:05:27,774] {taskinstance.py:1357} INFO - Starting attempt 1 of 1
[2022-05-03 05:05:27,774] {taskinstance.py:1358} INFO - 
--------------------------------------------------------------------------------
[2022-05-03 05:05:27,902] {taskinstance.py:1377} INFO - Executing <Task(PythonOperator): Extract> on 2022-05-03 05:05:23.000503+00:00
[2022-05-03 05:05:27,906] {standard_task_runner.py:52} INFO - Started process 27662 to run task
[2022-05-03 05:05:27,910] {standard_task_runner.py:79} INFO - Running: ['airflow', 'tasks', 'run', 'ETL_streamers_eSports', 'Extract', 'manual__2022-05-03T05:05:23.000503+00:00', '--job-id', '25', '--raw', '--subdir', 'DAGS_FOLDER/etl_dag.py', '--cfg-path', '/tmp/tmpshki7ch5', '--error-file', '/tmp/tmp01ipsgxg']
[2022-05-03 05:05:27,911] {standard_task_runner.py:80} INFO - Job 25: Subtask Extract
[2022-05-03 05:05:28,227] {task_command.py:369} INFO - Running <TaskInstance: ETL_streamers_eSports.Extract manual__2022-05-03T05:05:23.000503+00:00 [running]> on host cube-14ce9f9c-b3e2-4031-af90-157b53c1fe85-669c6656fd-gv56j
[2022-05-03 05:05:28,972] {taskinstance.py:1569} INFO - Exporting the following env vars:
AIRFLOW_CTX_DAG_OWNER=airflow
AIRFLOW_CTX_DAG_ID=ETL_streamers_eSports
AIRFLOW_CTX_TASK_ID=Extract
AIRFLOW_CTX_EXECUTION_DATE=2022-05-03T05:05:23.000503+00:00
AIRFLOW_CTX_TRY_NUMBER=1
AIRFLOW_CTX_DAG_RUN_ID=manual__2022-05-03T05:05:23.000503+00:00
[2022-05-03 05:05:29,421] {logging_mixin.py:115} INFO - Total number of players in EU server:  103
[2022-05-03 05:06:52,410] {Limits.py:87} INFO - rate limit changed from 0/0s to 20/1s
[2022-05-03 05:06:52,411] {Limits.py:87} INFO - rate limit changed from 0/0s to 100/120s
[2022-05-03 05:06:52,411] {Limits.py:87} INFO - rate limit changed from 0/0s to 2000/60s
[2022-05-03 05:07:14,600] {Limits.py:87} INFO - rate limit changed from 0/0s to 20/1s
[2022-05-03 05:07:14,601] {Limits.py:87} INFO - rate limit changed from 0/0s to 100/120s
[2022-05-03 05:07:14,601] {Limits.py:87} INFO - rate limit changed from 0/0s to 500/10s
[2022-05-03 05:07:14,922] {Limits.py:87} INFO - rate limit changed from 0/0s to 20/1s
[2022-05-03 05:07:14,923] {Limits.py:87} INFO - rate limit changed from 0/0s to 100/120s
[2022-05-03 05:07:14,923] {Limits.py:87} INFO - rate limit changed from 0/0s to 250/10s
[2022-05-03 05:07:15,181] {Limits.py:87} INFO - rate limit changed from 0/0s to 250/10s
[2022-05-03 05:12:15,420] {python.py:173} INFO - Done. Returned value was: None
[2022-05-03 05:12:15,498] {taskinstance.py:1395} INFO - Marking task as SUCCESS. dag_id=ETL_streamers_eSports, task_id=Extract, execution_date=20220503T050523, start_date=20220503T050527, end_date=20220503T051215
[2022-05-03 05:12:15,650] {local_task_job.py:156} INFO - Task exited with return code 0
[2022-05-03 05:12:15,898] {local_task_job.py:273} INFO - 1 downstream tasks scheduled from follow-on schedule check
