[2022-05-01 14:00:04,293] {taskinstance.py:1159} INFO - Dependencies all met for <TaskInstance: hello_world_dag_lmao.hello_world scheduled__2022-05-01T13:00:00+00:00 [queued]>
[2022-05-01 14:00:04,374] {taskinstance.py:1159} INFO - Dependencies all met for <TaskInstance: hello_world_dag_lmao.hello_world scheduled__2022-05-01T13:00:00+00:00 [queued]>
[2022-05-01 14:00:04,374] {taskinstance.py:1356} INFO - 
--------------------------------------------------------------------------------
[2022-05-01 14:00:04,374] {taskinstance.py:1357} INFO - Starting attempt 1 of 1
[2022-05-01 14:00:04,374] {taskinstance.py:1358} INFO - 
--------------------------------------------------------------------------------
[2022-05-01 14:00:04,503] {taskinstance.py:1377} INFO - Executing <Task(PythonOperator): hello_world> on 2022-05-01 13:00:00+00:00
[2022-05-01 14:00:04,505] {standard_task_runner.py:52} INFO - Started process 1428 to run task
[2022-05-01 14:00:04,507] {standard_task_runner.py:79} INFO - Running: ['airflow', 'tasks', 'run', 'hello_world_dag_lmao', 'hello_world', 'scheduled__2022-05-01T13:00:00+00:00', '--job-id', '8', '--raw', '--subdir', 'DAGS_FOLDER/dag_tut.py', '--cfg-path', '/tmp/tmpj2hohaz8', '--error-file', '/tmp/tmpto8hi769']
[2022-05-01 14:00:04,508] {standard_task_runner.py:80} INFO - Job 8: Subtask hello_world
[2022-05-01 14:00:04,831] {task_command.py:369} INFO - Running <TaskInstance: hello_world_dag_lmao.hello_world scheduled__2022-05-01T13:00:00+00:00 [running]> on host cube-14ce9f9c-b3e2-4031-af90-157b53c1fe85-669c6656fd-gv56j
[2022-05-01 14:00:05,327] {taskinstance.py:1569} INFO - Exporting the following env vars:
AIRFLOW_CTX_DAG_OWNER=airflow
AIRFLOW_CTX_DAG_ID=hello_world_dag_lmao
AIRFLOW_CTX_TASK_ID=hello_world
AIRFLOW_CTX_EXECUTION_DATE=2022-05-01T13:00:00+00:00
AIRFLOW_CTX_TRY_NUMBER=1
AIRFLOW_CTX_DAG_RUN_ID=scheduled__2022-05-01T13:00:00+00:00
[2022-05-01 14:00:05,328] {logging_mixin.py:115} INFO - Hello World
[2022-05-01 14:00:05,328] {python.py:173} INFO - Done. Returned value was: None
[2022-05-01 14:00:05,383] {taskinstance.py:1395} INFO - Marking task as SUCCESS. dag_id=hello_world_dag_lmao, task_id=hello_world, execution_date=20220501T130000, start_date=20220501T140004, end_date=20220501T140005
[2022-05-01 14:00:05,520] {local_task_job.py:156} INFO - Task exited with return code 0
[2022-05-01 14:00:05,668] {local_task_job.py:273} INFO - 0 downstream tasks scheduled from follow-on schedule check
