[2022-05-01 18:00:04,668] {taskinstance.py:1159} INFO - Dependencies all met for <TaskInstance: hello_world_dag_lmao.hello_world scheduled__2022-05-01T17:00:00+00:00 [queued]>
[2022-05-01 18:00:04,743] {taskinstance.py:1159} INFO - Dependencies all met for <TaskInstance: hello_world_dag_lmao.hello_world scheduled__2022-05-01T17:00:00+00:00 [queued]>
[2022-05-01 18:00:04,743] {taskinstance.py:1356} INFO - 
--------------------------------------------------------------------------------
[2022-05-01 18:00:04,743] {taskinstance.py:1357} INFO - Starting attempt 1 of 1
[2022-05-01 18:00:04,743] {taskinstance.py:1358} INFO - 
--------------------------------------------------------------------------------
[2022-05-01 18:00:04,867] {taskinstance.py:1377} INFO - Executing <Task(PythonOperator): hello_world> on 2022-05-01 17:00:00+00:00
[2022-05-01 18:00:04,869] {standard_task_runner.py:52} INFO - Started process 10533 to run task
[2022-05-01 18:00:04,872] {standard_task_runner.py:79} INFO - Running: ['airflow', 'tasks', 'run', 'hello_world_dag_lmao', 'hello_world', 'scheduled__2022-05-01T17:00:00+00:00', '--job-id', '12', '--raw', '--subdir', 'DAGS_FOLDER/dag_tut.py', '--cfg-path', '/tmp/tmp4hxya2ta', '--error-file', '/tmp/tmp44t1v57z']
[2022-05-01 18:00:04,872] {standard_task_runner.py:80} INFO - Job 12: Subtask hello_world
[2022-05-01 18:00:05,191] {task_command.py:369} INFO - Running <TaskInstance: hello_world_dag_lmao.hello_world scheduled__2022-05-01T17:00:00+00:00 [running]> on host cube-14ce9f9c-b3e2-4031-af90-157b53c1fe85-669c6656fd-gv56j
[2022-05-01 18:00:05,662] {taskinstance.py:1569} INFO - Exporting the following env vars:
AIRFLOW_CTX_DAG_OWNER=airflow
AIRFLOW_CTX_DAG_ID=hello_world_dag_lmao
AIRFLOW_CTX_TASK_ID=hello_world
AIRFLOW_CTX_EXECUTION_DATE=2022-05-01T17:00:00+00:00
AIRFLOW_CTX_TRY_NUMBER=1
AIRFLOW_CTX_DAG_RUN_ID=scheduled__2022-05-01T17:00:00+00:00
[2022-05-01 18:00:05,663] {logging_mixin.py:115} INFO - Hello World
[2022-05-01 18:00:05,663] {python.py:173} INFO - Done. Returned value was: None
[2022-05-01 18:00:05,714] {taskinstance.py:1395} INFO - Marking task as SUCCESS. dag_id=hello_world_dag_lmao, task_id=hello_world, execution_date=20220501T170000, start_date=20220501T180004, end_date=20220501T180005
[2022-05-01 18:00:05,845] {local_task_job.py:156} INFO - Task exited with return code 0
[2022-05-01 18:00:05,981] {local_task_job.py:273} INFO - 0 downstream tasks scheduled from follow-on schedule check
