[2022-05-03 06:05:43,622] {taskinstance.py:1159} INFO - Dependencies all met for <TaskInstance: ETL_streamers_eSports.Extract manual__2022-05-03T06:05:37.828588+00:00 [queued]>
[2022-05-03 06:05:43,691] {taskinstance.py:1159} INFO - Dependencies all met for <TaskInstance: ETL_streamers_eSports.Extract manual__2022-05-03T06:05:37.828588+00:00 [queued]>
[2022-05-03 06:05:43,691] {taskinstance.py:1356} INFO - 
--------------------------------------------------------------------------------
[2022-05-03 06:05:43,691] {taskinstance.py:1357} INFO - Starting attempt 1 of 1
[2022-05-03 06:05:43,691] {taskinstance.py:1358} INFO - 
--------------------------------------------------------------------------------
[2022-05-03 06:05:43,814] {taskinstance.py:1377} INFO - Executing <Task(PythonOperator): Extract> on 2022-05-03 06:05:37.828588+00:00
[2022-05-03 06:05:43,818] {standard_task_runner.py:52} INFO - Started process 31325 to run task
[2022-05-03 06:05:43,822] {standard_task_runner.py:79} INFO - Running: ['airflow', 'tasks', 'run', 'ETL_streamers_eSports', 'Extract', 'manual__2022-05-03T06:05:37.828588+00:00', '--job-id', '35', '--raw', '--subdir', 'DAGS_FOLDER/etl_dag.py', '--cfg-path', '/tmp/tmpzlb04ad0', '--error-file', '/tmp/tmphupz91rl']
[2022-05-03 06:05:43,823] {standard_task_runner.py:80} INFO - Job 35: Subtask Extract
[2022-05-03 06:05:44,146] {task_command.py:369} INFO - Running <TaskInstance: ETL_streamers_eSports.Extract manual__2022-05-03T06:05:37.828588+00:00 [running]> on host cube-14ce9f9c-b3e2-4031-af90-157b53c1fe85-669c6656fd-gv56j
[2022-05-03 06:05:44,647] {taskinstance.py:1569} INFO - Exporting the following env vars:
AIRFLOW_CTX_DAG_OWNER=airflow
AIRFLOW_CTX_DAG_ID=ETL_streamers_eSports
AIRFLOW_CTX_TASK_ID=Extract
AIRFLOW_CTX_EXECUTION_DATE=2022-05-03T06:05:37.828588+00:00
AIRFLOW_CTX_TRY_NUMBER=1
AIRFLOW_CTX_DAG_RUN_ID=manual__2022-05-03T06:05:37.828588+00:00
[2022-05-03 06:05:45,140] {logging_mixin.py:115} INFO - Total number of players in EU server:  103
[2022-05-03 06:07:09,442] {Limits.py:87} INFO - rate limit changed from 0/0s to 20/1s
[2022-05-03 06:07:09,443] {Limits.py:87} INFO - rate limit changed from 0/0s to 100/120s
[2022-05-03 06:07:09,443] {Limits.py:87} INFO - rate limit changed from 0/0s to 2000/60s
[2022-05-03 06:07:31,763] {Limits.py:87} INFO - rate limit changed from 0/0s to 20/1s
[2022-05-03 06:07:31,765] {Limits.py:87} INFO - rate limit changed from 0/0s to 100/120s
[2022-05-03 06:07:31,765] {Limits.py:87} INFO - rate limit changed from 0/0s to 500/10s
[2022-05-03 06:07:32,038] {Limits.py:87} INFO - rate limit changed from 0/0s to 20/1s
[2022-05-03 06:07:32,038] {Limits.py:87} INFO - rate limit changed from 0/0s to 100/120s
[2022-05-03 06:07:32,038] {Limits.py:87} INFO - rate limit changed from 0/0s to 250/10s
[2022-05-03 06:07:32,225] {Limits.py:87} INFO - rate limit changed from 0/0s to 250/10s
[2022-05-03 06:12:31,608] {python.py:173} INFO - Done. Returned value was: None
[2022-05-03 06:12:31,683] {taskinstance.py:1395} INFO - Marking task as SUCCESS. dag_id=ETL_streamers_eSports, task_id=Extract, execution_date=20220503T060537, start_date=20220503T060543, end_date=20220503T061231
[2022-05-03 06:12:31,842] {local_task_job.py:156} INFO - Task exited with return code 0
[2022-05-03 06:12:32,088] {local_task_job.py:273} INFO - 1 downstream tasks scheduled from follow-on schedule check
