[2022-05-03 05:12:45,870] {taskinstance.py:1159} INFO - Dependencies all met for <TaskInstance: ETL_streamers_eSports.Load manual__2022-05-03T05:05:23.000503+00:00 [queued]>
[2022-05-03 05:12:45,940] {taskinstance.py:1159} INFO - Dependencies all met for <TaskInstance: ETL_streamers_eSports.Load manual__2022-05-03T05:05:23.000503+00:00 [queued]>
[2022-05-03 05:12:45,940] {taskinstance.py:1356} INFO - 
--------------------------------------------------------------------------------
[2022-05-03 05:12:45,940] {taskinstance.py:1357} INFO - Starting attempt 1 of 1
[2022-05-03 05:12:45,940] {taskinstance.py:1358} INFO - 
--------------------------------------------------------------------------------
[2022-05-03 05:12:46,050] {taskinstance.py:1377} INFO - Executing <Task(PythonOperator): Load> on 2022-05-03 05:05:23.000503+00:00
[2022-05-03 05:12:46,055] {standard_task_runner.py:52} INFO - Started process 28223 to run task
[2022-05-03 05:12:46,058] {standard_task_runner.py:79} INFO - Running: ['airflow', 'tasks', 'run', 'ETL_streamers_eSports', 'Load', 'manual__2022-05-03T05:05:23.000503+00:00', '--job-id', '27', '--raw', '--subdir', 'DAGS_FOLDER/etl_dag.py', '--cfg-path', '/tmp/tmp56klqlbp', '--error-file', '/tmp/tmpsyd64zpp']
[2022-05-03 05:12:46,059] {standard_task_runner.py:80} INFO - Job 27: Subtask Load
[2022-05-03 05:12:46,381] {task_command.py:369} INFO - Running <TaskInstance: ETL_streamers_eSports.Load manual__2022-05-03T05:05:23.000503+00:00 [running]> on host cube-14ce9f9c-b3e2-4031-af90-157b53c1fe85-669c6656fd-gv56j
[2022-05-03 05:12:46,906] {taskinstance.py:1569} INFO - Exporting the following env vars:
AIRFLOW_CTX_DAG_OWNER=airflow
AIRFLOW_CTX_DAG_ID=ETL_streamers_eSports
AIRFLOW_CTX_TASK_ID=Load
AIRFLOW_CTX_EXECUTION_DATE=2022-05-03T05:05:23.000503+00:00
AIRFLOW_CTX_TRY_NUMBER=1
AIRFLOW_CTX_DAG_RUN_ID=manual__2022-05-03T05:05:23.000503+00:00
[2022-05-03 05:13:41,861] {logging_mixin.py:115} INFO - Done populating
[2022-05-03 05:13:41,932] {python.py:173} INFO - Done. Returned value was: None
[2022-05-03 05:13:42,021] {taskinstance.py:1395} INFO - Marking task as SUCCESS. dag_id=ETL_streamers_eSports, task_id=Load, execution_date=20220503T050523, start_date=20220503T051245, end_date=20220503T051342
[2022-05-03 05:13:42,219] {local_task_job.py:156} INFO - Task exited with return code 0
[2022-05-03 05:13:42,426] {local_task_job.py:273} INFO - 0 downstream tasks scheduled from follow-on schedule check
