[2022-05-03 05:12:22,522] {taskinstance.py:1159} INFO - Dependencies all met for <TaskInstance: ETL_streamers_eSports.Transform manual__2022-05-03T05:05:23.000503+00:00 [queued]>
[2022-05-03 05:12:22,598] {taskinstance.py:1159} INFO - Dependencies all met for <TaskInstance: ETL_streamers_eSports.Transform manual__2022-05-03T05:05:23.000503+00:00 [queued]>
[2022-05-03 05:12:22,598] {taskinstance.py:1356} INFO - 
--------------------------------------------------------------------------------
[2022-05-03 05:12:22,598] {taskinstance.py:1357} INFO - Starting attempt 1 of 1
[2022-05-03 05:12:22,598] {taskinstance.py:1358} INFO - 
--------------------------------------------------------------------------------
[2022-05-03 05:12:22,717] {taskinstance.py:1377} INFO - Executing <Task(PythonOperator): Transform> on 2022-05-03 05:05:23.000503+00:00
[2022-05-03 05:12:22,722] {standard_task_runner.py:52} INFO - Started process 27686 to run task
[2022-05-03 05:12:22,725] {standard_task_runner.py:79} INFO - Running: ['airflow', 'tasks', 'run', 'ETL_streamers_eSports', 'Transform', 'manual__2022-05-03T05:05:23.000503+00:00', '--job-id', '26', '--raw', '--subdir', 'DAGS_FOLDER/etl_dag.py', '--cfg-path', '/tmp/tmprux396fc', '--error-file', '/tmp/tmphcojmuba']
[2022-05-03 05:12:22,726] {standard_task_runner.py:80} INFO - Job 26: Subtask Transform
[2022-05-03 05:12:23,036] {task_command.py:369} INFO - Running <TaskInstance: ETL_streamers_eSports.Transform manual__2022-05-03T05:05:23.000503+00:00 [running]> on host cube-14ce9f9c-b3e2-4031-af90-157b53c1fe85-669c6656fd-gv56j
[2022-05-03 05:12:23,531] {taskinstance.py:1569} INFO - Exporting the following env vars:
AIRFLOW_CTX_DAG_OWNER=airflow
AIRFLOW_CTX_DAG_ID=ETL_streamers_eSports
AIRFLOW_CTX_TASK_ID=Transform
AIRFLOW_CTX_EXECUTION_DATE=2022-05-03T05:05:23.000503+00:00
AIRFLOW_CTX_TRY_NUMBER=1
AIRFLOW_CTX_DAG_RUN_ID=manual__2022-05-03T05:05:23.000503+00:00
[2022-05-03 05:12:40,400] {python.py:173} INFO - Done. Returned value was: None
[2022-05-03 05:12:40,476] {taskinstance.py:1395} INFO - Marking task as SUCCESS. dag_id=ETL_streamers_eSports, task_id=Transform, execution_date=20220503T050523, start_date=20220503T051222, end_date=20220503T051240
[2022-05-03 05:12:40,627] {local_task_job.py:156} INFO - Task exited with return code 0
[2022-05-03 05:12:40,844] {local_task_job.py:273} INFO - 1 downstream tasks scheduled from follow-on schedule check
