[2022-05-01 22:58:02,432] {taskinstance.py:1159} INFO - Dependencies all met for <TaskInstance: ETL_streamers_eSports.Extract manual__2022-05-01T22:57:56.815393+00:00 [queued]>
[2022-05-01 22:58:02,505] {taskinstance.py:1159} INFO - Dependencies all met for <TaskInstance: ETL_streamers_eSports.Extract manual__2022-05-01T22:57:56.815393+00:00 [queued]>
[2022-05-01 22:58:02,505] {taskinstance.py:1356} INFO - 
--------------------------------------------------------------------------------
[2022-05-01 22:58:02,505] {taskinstance.py:1357} INFO - Starting attempt 1 of 1
[2022-05-01 22:58:02,505] {taskinstance.py:1358} INFO - 
--------------------------------------------------------------------------------
[2022-05-01 22:58:02,625] {taskinstance.py:1377} INFO - Executing <Task(PythonOperator): Extract> on 2022-05-01 22:57:56.815393+00:00
[2022-05-01 22:58:02,629] {standard_task_runner.py:52} INFO - Started process 23099 to run task
[2022-05-01 22:58:02,632] {standard_task_runner.py:79} INFO - Running: ['airflow', 'tasks', 'run', 'ETL_streamers_eSports', 'Extract', 'manual__2022-05-01T22:57:56.815393+00:00', '--job-id', '19', '--raw', '--subdir', 'DAGS_FOLDER/etl_dag.py', '--cfg-path', '/tmp/tmpdlszf2r8', '--error-file', '/tmp/tmpjis8b7yt']
[2022-05-01 22:58:02,633] {standard_task_runner.py:80} INFO - Job 19: Subtask Extract
[2022-05-01 22:58:02,941] {task_command.py:369} INFO - Running <TaskInstance: ETL_streamers_eSports.Extract manual__2022-05-01T22:57:56.815393+00:00 [running]> on host cube-14ce9f9c-b3e2-4031-af90-157b53c1fe85-669c6656fd-gv56j
[2022-05-01 22:58:03,437] {taskinstance.py:1569} INFO - Exporting the following env vars:
AIRFLOW_CTX_DAG_OWNER=airflow
AIRFLOW_CTX_DAG_ID=ETL_streamers_eSports
AIRFLOW_CTX_TASK_ID=Extract
AIRFLOW_CTX_EXECUTION_DATE=2022-05-01T22:57:56.815393+00:00
AIRFLOW_CTX_TRY_NUMBER=1
AIRFLOW_CTX_DAG_RUN_ID=manual__2022-05-01T22:57:56.815393+00:00
[2022-05-01 22:58:03,913] {logging_mixin.py:115} INFO - Number of streamers playing right now:  3
[2022-05-01 22:58:06,843] {Limits.py:87} INFO - rate limit changed from 0/0s to 20/1s
[2022-05-01 22:58:06,843] {Limits.py:87} INFO - rate limit changed from 0/0s to 100/120s
[2022-05-01 22:58:06,843] {Limits.py:87} INFO - rate limit changed from 0/0s to 2000/60s
[2022-05-01 22:58:08,472] {Limits.py:87} INFO - rate limit changed from 0/0s to 20/1s
[2022-05-01 22:58:08,472] {Limits.py:87} INFO - rate limit changed from 0/0s to 100/120s
[2022-05-01 22:58:08,472] {Limits.py:87} INFO - rate limit changed from 0/0s to 500/10s
[2022-05-01 22:58:08,789] {Limits.py:87} INFO - rate limit changed from 0/0s to 20/1s
[2022-05-01 22:58:08,789] {Limits.py:87} INFO - rate limit changed from 0/0s to 100/120s
[2022-05-01 22:58:08,789] {Limits.py:87} INFO - rate limit changed from 0/0s to 250/10s
[2022-05-01 22:58:08,902] {Limits.py:87} INFO - rate limit changed from 0/0s to 250/10s
[2022-05-01 22:58:12,041] {python.py:173} INFO - Done. Returned value was: None
[2022-05-01 22:58:12,116] {taskinstance.py:1395} INFO - Marking task as SUCCESS. dag_id=ETL_streamers_eSports, task_id=Extract, execution_date=20220501T225756, start_date=20220501T225802, end_date=20220501T225812
[2022-05-01 22:58:12,273] {local_task_job.py:156} INFO - Task exited with return code 0
[2022-05-01 22:58:12,509] {local_task_job.py:273} INFO - 1 downstream tasks scheduled from follow-on schedule check
