[2022-05-03 06:12:39,054] {taskinstance.py:1159} INFO - Dependencies all met for <TaskInstance: ETL_streamers_eSports.Transform manual__2022-05-03T06:05:37.828588+00:00 [queued]>
[2022-05-03 06:12:39,125] {taskinstance.py:1159} INFO - Dependencies all met for <TaskInstance: ETL_streamers_eSports.Transform manual__2022-05-03T06:05:37.828588+00:00 [queued]>
[2022-05-03 06:12:39,125] {taskinstance.py:1356} INFO - 
--------------------------------------------------------------------------------
[2022-05-03 06:12:39,125] {taskinstance.py:1357} INFO - Starting attempt 1 of 1
[2022-05-03 06:12:39,125] {taskinstance.py:1358} INFO - 
--------------------------------------------------------------------------------
[2022-05-03 06:12:39,243] {taskinstance.py:1377} INFO - Executing <Task(PythonOperator): Transform> on 2022-05-03 06:05:37.828588+00:00
[2022-05-03 06:12:39,248] {standard_task_runner.py:52} INFO - Started process 31349 to run task
[2022-05-03 06:12:39,252] {standard_task_runner.py:79} INFO - Running: ['airflow', 'tasks', 'run', 'ETL_streamers_eSports', 'Transform', 'manual__2022-05-03T06:05:37.828588+00:00', '--job-id', '36', '--raw', '--subdir', 'DAGS_FOLDER/etl_dag.py', '--cfg-path', '/tmp/tmpau5gp7ua', '--error-file', '/tmp/tmp2d5vf8sa']
[2022-05-03 06:12:39,252] {standard_task_runner.py:80} INFO - Job 36: Subtask Transform
[2022-05-03 06:12:39,571] {task_command.py:369} INFO - Running <TaskInstance: ETL_streamers_eSports.Transform manual__2022-05-03T06:05:37.828588+00:00 [running]> on host cube-14ce9f9c-b3e2-4031-af90-157b53c1fe85-669c6656fd-gv56j
[2022-05-03 06:12:40,049] {taskinstance.py:1569} INFO - Exporting the following env vars:
AIRFLOW_CTX_DAG_OWNER=airflow
AIRFLOW_CTX_DAG_ID=ETL_streamers_eSports
AIRFLOW_CTX_TASK_ID=Transform
AIRFLOW_CTX_EXECUTION_DATE=2022-05-03T06:05:37.828588+00:00
AIRFLOW_CTX_TRY_NUMBER=1
AIRFLOW_CTX_DAG_RUN_ID=manual__2022-05-03T06:05:37.828588+00:00
[2022-05-03 06:12:57,436] {python.py:173} INFO - Done. Returned value was: None
[2022-05-03 06:12:57,492] {taskinstance.py:1395} INFO - Marking task as SUCCESS. dag_id=ETL_streamers_eSports, task_id=Transform, execution_date=20220503T060537, start_date=20220503T061239, end_date=20220503T061257
[2022-05-03 06:12:57,627] {local_task_job.py:156} INFO - Task exited with return code 0
[2022-05-03 06:12:57,881] {local_task_job.py:273} INFO - 1 downstream tasks scheduled from follow-on schedule check
